================================================================
== Design Size Report
================================================================

* Total Instructions per Compilation Phase
+---------------+-----------------------------+--------------+----------------------------------------------------------------------------------------+
| Phase         | Step                        | Instructions | Description                                                                            |
+---------------+-----------------------------+--------------+----------------------------------------------------------------------------------------+
| Compile/Link  |                             | 10,392       | After all functions are compiled and linked into a single design                       |
|               |                             |              |                                                                                        |
| Unroll/Inline |                             |              | After user unroll and inline pragmas are applied                                       |
|               | (1) unroll                  | 19,534       | user unroll pragmas are applied                                                        |
|               | (2) simplification          | 11,922       | simplification of applied user unroll pragmas                                          |
|               | (3) inline                  | 10,192       | user inline pragmas are applied                                                        |
|               | (4) simplification          |  8,210       | simplification of applied user inline pragmas                                          |
|               |                             |              |                                                                                        |
| Array/Struct  |                             |              | After user array partition and struct aggregate/disaggregate pragmas are applied       |
|               | (1) array partition         | 17,405       | user array partition pragmas are applied                                               |
|               | (2) simplification          |  8,642       | simplification of applied user array partition & struct aggregate/disaggregate pragmas |
|               | (3) aggregate/disaggregate  |  8,642       | user struct aggregate/disaggregate pragmas are applied                                 |
|               | (4) array reshape           |  8,642       | apply array reshape pragmas                                                            |
|               | (5) access patterns         |  8,654       | array access pattern optmizations                                                      |
|               |                             |              |                                                                                        |
| Performance   |                             |              | After transformations are applied to meet performance pragma targets                   |
|               | (1) loop simplification     |  8,654       | loop and instruction simplification                                                    |
|               | (2) parallelization         |  8,654       | loops are unrolled or pipelined to meet performance targets                            |
|               | (3) array partition         |  8,647       | arrays are partitioned to meet performance targets                                     |
|               | (4) simplification          |  8,647       | simplification of design after performance transformations                             |
|               |                             |              |                                                                                        |
| HW Transforms |                             |              | After hardware transfomations                                                          |
|               | (1) lowering                |  8,660       | initial conversion to HW specific instructions                                         |
|               | (2) optimizations           |  8,619       | high level synthesis optimizations                                                     |
+---------------+-----------------------------+--------------+----------------------------------------------------------------------------------------+

* Instructions per Function for each Compilation Phase
+--------------------------+-------------------------------+------------------+-------------------+-------------------+-------------------+-------------------+
| Function                 | Location                      | Compile/Link     | Unroll/Inline     | Array/Struct      | Performance       | HW Transforms     |
+--------------------------+-------------------------------+------------------+-------------------+-------------------+-------------------+-------------------+
| + activation_accelerator | activation_accelerator.cpp:72 | 10,392           | 8,210             | 8,654             | 8,647             | 8,619             |
|    bf16_to_float         | activation_accelerator.cpp:54 |   132 (12 calls) | 1,176 (294 calls) | 1,176 (294 calls) | 1,176 (294 calls) | 1,176 (294 calls) |
|    lut_exp               | activation_accelerator.cpp:15 | 6,480 (3 calls)  | 2,208 (48 calls)  | 2,208 (48 calls)  | 2,208 (48 calls)  | 2,208 (48 calls)  |
|    float_to_bf16         | activation_accelerator.cpp:60 |   108 (6 calls)  | 1,500 (150 calls) | 1,500 (150 calls) | 1,500 (150 calls) | 1,500 (150 calls) |
|    rsqrt                 | rsqrtfloat.cpp:15             |     2            |                   |                   |                   |                   |
|    sqrtf                 | sqrtfloat.cpp:11              |     2            |                   |                   |                   |                   |
|    lut_erf               | activation_accelerator.cpp:31 | 2,160            |  276 (6 calls)    |  276 (6 calls)    |  276 (6 calls)    |  276 (6 calls)    |
+--------------------------+-------------------------------+------------------+-------------------+-------------------+-------------------+-------------------+

* Design Size Message Settings
+---------------------------------------------+--------+------------------------------------------------------------------+
| Message Setting                             | Value  | Description                                                      |
+---------------------------------------------+--------+------------------------------------------------------------------+
| config_compile -design_size_maximum_warning | 100000 | Show a warning when total design instructions exceeds this value |
+---------------------------------------------+--------+------------------------------------------------------------------+


